#
# A fatal error has been detected by the Java Runtime Environment:
#
#  EXCEPTION_ACCESS_VIOLATION (0xc0000005) at pc=0x00007ffec067b363, pid=14112, tid=13276
#
# JRE version: OpenJDK Runtime Environment (17.0.1+12) (build 17.0.1+12-39)
# Java VM: OpenJDK 64-Bit Server VM (17.0.1+12-39, mixed mode, sharing, tiered, compressed oops, compressed class ptrs, g1 gc, windows-amd64)
# Problematic frame:
# C  [ig9icd64.dll+0x6b363]
#
# No core dump will be written. Minidumps are not enabled by default on client versions of Windows
#
# If you would like to submit a bug report, please visit:
#   https://bugreport.java.com/bugreport/crash.jsp
# The crash happened outside the Java Virtual Machine in native code.
# See problematic frame for where to report the bug.
#

---------------  S U M M A R Y ------------

Command Line: -Dfile.encoding=windows-1252 -Duser.country=US -Duser.language=en -Duser.variant -ea Main

Host: Intel(R) Core(TM) i3-8130U CPU @ 2.20GHz, 4 cores, 3G,  Windows 10 , 64 bit Build 19041 (10.0.19041.1466)
Time: Tue Jan 18 15:43:27 2022 SE Asia Standard Time elapsed time: 0.759410 seconds (0d 0h 0m 0s)

---------------  T H R E A D  ---------------

Current thread (0x0000022e42b33c40):  JavaThread "main" [_thread_in_native, id=13276, stack(0x0000006171a00000,0x0000006171b00000)]

Stack: [0x0000006171a00000,0x0000006171b00000],  sp=0x0000006171aff188,  free space=1020k
Native frames: (J=compiled Java code, j=interpreted, Vv=VM code, C=native code)
C  [ig9icd64.dll+0x6b363]

Java frames: (J=compiled Java code, j=interpreted, Vv=VM code)
j  org.lwjgl.opengl.GL11C.nglGetIntegerv(IJ)V+0
j  org.lwjgl.opengl.GL11C.glGetIntegerv(ILjava/nio/IntBuffer;)V+16
j  org.lwjgl.opengl.GL11.glGetIntegerv(ILjava/nio/IntBuffer;)V+2
j  util.AssetPool.getShader(Ljava/lang/String;)Lrenderer/Shader;+5
j  jade.LevelEditorScene.loadResources()V+2
j  jade.LevelEditorScene.init()V+214
j  jade.Window.changeScene(I)V+41
j  jade.Window.init()V+162
j  jade.Window.run()V+15
j  Main.main([Ljava/lang/String;)V+5
v  ~StubRoutines::call_stub

siginfo: EXCEPTION_ACCESS_VIOLATION (0xc0000005), writing address 0x0000000000000010


Register to memory mapping:

RIP=0x00007ffec067b363 ig9icd64.dll
RAX=0x0000000000000020 is an unknown value
RBX=0x0000000000008872 is an unknown value
RCX=0x0000000000000010 is an unknown value
RDX=0x0 is NULL
RSP=0x0000006171aff188 is pointing into the stack for thread: 0x0000022e42b33c40
RBP=0x0000006171aff219 is pointing into the stack for thread: 0x0000022e42b33c40
RSI=0x0000006171aff2a0 is pointing into the stack for thread: 0x0000022e42b33c40
RDI=0x0000022e5f8b0ac0 points into unknown readable memory: 0x0000022e5f870100 | 00 01 87 5f 2e 02 00 00
R8 =0x0000006171aff1f0 is pointing into the stack for thread: 0x0000022e42b33c40
R9 =0x0 is NULL
R10=0x0000022e5fe9b400 points into unknown readable memory: 0x00007fff06e06bb0 | b0 6b e0 06 ff 7f 00 00
R11=0x00000000c59a9868 is an oop: java.lang.Class 
{0x00000000c59a9868} - klass: 'java/lang/Class'
 - ---- fields (total size 116 words):
 - private volatile transient 'classRedefinedCount' 'I' @12  0
 - private volatile transient 'cachedConstructor' 'Ljava/lang/reflect/Constructor;' @40  NULL (0)
 - private transient 'name' 'Ljava/lang/String;' @44  "org.lwjgl.opengl.GL11C"{0x00000000c59a9c18} (c59a9c18)
 - private transient 'module' 'Ljava/lang/Module;' @48  a 'java/lang/Module'{0x00000000c4e7f208} (c4e7f208)
 - private final 'classLoader' 'Ljava/lang/ClassLoader;' @52  a 'jdk/internal/loader/ClassLoaders$AppClassLoader'{0x00000000c4e00b38} (c4e00b38)
 - private transient 'classData' 'Ljava/lang/Object;' @56  NULL (0)
 - private transient 'packageName' 'Ljava/lang/String;' @60  "org.lwjgl.opengl"{0x00000000c4ea3f48} (c4ea3f48)
 - private final 'componentType' 'Ljava/lang/Class;' @64  NULL (0)
 - private volatile transient 'reflectionData' 'Ljava/lang/ref/SoftReference;' @68  NULL (0)
 - private volatile transient 'genericInfo' 'Lsun/reflect/generics/repository/ClassRepository;' @72  NULL (0)
 - private volatile transient 'enumConstants' '[Ljava/lang/Object;' @76  NULL (0)
 - private volatile transient 'enumConstantDirectory' 'Ljava/util/Map;' @80  NULL (0)
 - private volatile transient 'annotationData' 'Ljava/lang/Class$AnnotationData;' @84  NULL (0)
 - private volatile transient 'annotationType' 'Lsun/reflect/annotation/AnnotationType;' @88  NULL (0)
 - transient 'classValueMap' 'Ljava/lang/ClassValue$ClassValueMap;' @92  NULL (0)
 - signature: Lorg/lwjgl/opengl/GL11C;
 - fake entry for mirror: 'org/lwjgl/opengl/GL11C'
 - fake entry for array: NULL
 - fake entry for oop_size: 116
 - fake entry for static_oop_field_count: 0
 - public static final 'GL_NEVER' 'I' @112  512 (200)
 - public static final 'GL_LESS' 'I' @116  513 (201)
 - public static final 'GL_EQUAL' 'I' @120  514 (202)
 - public static final 'GL_LEQUAL' 'I' @124  515 (203)
 - public static final 'GL_GREATER' 'I' @128  516 (204)
 - public static final 'GL_NOTEQUAL' 'I' @132  517 (205)
 - public static final 'GL_GEQUAL' 'I' @136  518 (206)
 - public static final 'GL_ALWAYS' 'I' @140  519 (207)
 - public static final 'GL_DEPTH_BUFFER_BIT' 'I' @144  256 (100)
 - public static final 'GL_STENCIL_BUFFER_BIT' 'I' @148  1024 (400)
 - public static final 'GL_COLOR_BUFFER_BIT' 'I' @152  16384 (4000)
 - public static final 'GL_POINTS' 'I' @156  0
 - public static final 'GL_LINES' 'I' @160  1
 - public static final 'GL_LINE_LOOP' 'I' @164  2
 - public static final 'GL_LINE_STRIP' 'I' @168  3
 - public static final 'GL_TRIANGLES' 'I' @172  4
 - public static final 'GL_TRIANGLE_STRIP' 'I' @176  5
 - public static final 'GL_TRIANGLE_FAN' 'I' @180  6
 - public static final 'GL_QUADS' 'I' @184  7
 - public static final 'GL_ZERO' 'I' @188  0
 - public static final 'GL_ONE' 'I' @192  1
 - public static final 'GL_SRC_COLOR' 'I' @196  768 (300)
 - public static final 'GL_ONE_MINUS_SRC_COLOR' 'I' @200  769 (301)
 - public static final 'GL_SRC_ALPHA' 'I' @204  770 (302)
 - public static final 'GL_ONE_MINUS_SRC_ALPHA' 'I' @208  771 (303)
 - public static final 'GL_DST_ALPHA' 'I' @212  772 (304)
 - public static final 'GL_ONE_MINUS_DST_ALPHA' 'I' @216  773 (305)
 - public static final 'GL_DST_COLOR' 'I' @220  774 (306)
 - public static final 'GL_ONE_MINUS_DST_COLOR' 'I' @224  775 (307)
 - public static final 'GL_SRC_ALPHA_SATURATE' 'I' @228  776 (308)
 - public static final 'GL_TRUE' 'I' @232  1
 - public static final 'GL_FALSE' 'I' @236  0
 - public static final 'GL_BYTE' 'I' @240  5120 (1400)
 - public static final 'GL_UNSIGNED_BYTE' 'I' @244  5121 (1401)
 - public static final 'GL_SHORT' 'I' @248  5122 (1402)
 - public static final 'GL_UNSIGNED_SHORT' 'I' @252  5123 (1403)
 - public static final 'GL_INT' 'I' @256  5124 (1404)
 - public static final 'GL_UNSIGNED_INT' 'I' @260  5125 (1405)
 - public static final 'GL_FLOAT' 'I' @264  5126 (1406)
 - public static final 'GL_DOUBLE' 'I' @268  5130 (140a)
 - public static final 'GL_NONE' 'I' @272  0
 - public static final 'GL_FRONT_LEFT' 'I' @276  1024 (400)
 - public static final 'GL_FRONT_RIGHT' 'I' @280  1025 (401)
 - public static final 'GL_BACK_LEFT' 'I' @284  1026 (402)
 - public static final 'GL_BACK_RIGHT' 'I' @288  1027 (403)
 - public static final 'GL_FRONT' 'I' @292  1028 (404)
 - public static final 'GL_BACK' 'I' @296  1029 (405)
 - public static final 'GL_LEFT' 'I' @300  1030 (406)
 - public static final 'GL_RIGHT' 'I' @304  1031 (407)
 - public static final 'GL_FRONT_AND_BACK' 'I' @308  1032 (408)
 - public static final 'GL_NO_ERROR' 'I' @312  0
 - public static final 'GL_INVALID_ENUM' 'I' @316  1280 (500)
 - public static final 'GL_INVALID_VALUE' 'I' @320  1281 (501)
 - public static final 'GL_INVALID_OPERATION' 'I' @324  1282 (502)
 - public static final 'GL_STACK_OVERFLOW' 'I' @328  1283 (503)
 - public static final 'GL_STACK_UNDERFLOW' 'I' @332  1284 (504)
 - public static final 'GL_OUT_OF_MEMORY' 'I' @336  1285 (505)
 - public static final 'GL_CW' 'I' @340  2304 (900)
 - public static final 'GL_CCW' 'I' @344  2305 (901)
 - public static final 'GL_POINT_SIZE' 'I' @348  2833 (b11)
 - public static final 'GL_POINT_SIZE_RANGE' 'I' @352  2834 (b12)
 - public static final 'GL_POINT_SIZE_GRANULARITY' 'I' @356  2835 (b13)
 - public static final 'GL_LINE_SMOOTH' 'I' @360  2848 (b20)
 - public static final 'GL_LINE_WIDTH' 'I' @364  2849 (b21)
 - public static final 'GL_LINE_WIDTH_RANGE' 'I' @368  2850 (b22)
 - public static final 'GL_LINE_WIDTH_GRANULARITY' 'I' @372  2851 (b23)
 - public static final 'GL_POLYGON_MODE' 'I' @376  2880 (b40)
 - public static final 'GL_POLYGON_SMOOTH' 'I' @380  2881 (b41)
 - public static final 'GL_CULL_FACE' 'I' @384  2884 (b44)
 - public static final 'GL_CULL_FACE_MODE' 'I' @388  2885 (b45)
 - public static final 'GL_FRONT_FACE' 'I' @392  2886 (b46)
 - public static final 'GL_DEPTH_RANGE' 'I' @396  2928 (b70)
 - public static final 'GL_DEPTH_TEST' 'I' @400  2929 (b71)
 - public static final 'GL_DEPTH_WRITEMASK' 'I' @404  2930 (b72)
 - public static final 'GL_DEPTH_CLEAR_VALUE' 'I' @408  2931 (b73)
 - public static final 'GL_DEPTH_FUNC' 'I' @412  2932 (b74)
 - public static final 'GL_STENCIL_TEST' 'I' @416  2960 (b90)
 - public static final 'GL_STENCIL_CLEAR_VALUE' 'I' @420  2961 (b91)
 - public static final 'GL_STENCIL_FUNC' 'I' @424  2962 (b92)
 - public static final 'GL_STENCIL_VALUE_MASK' 'I' @428  2963 (b93)
 - public static final 'GL_STENCIL_FAIL' 'I' @432  2964 (b94)
 - public static final 'GL_STENCIL_PASS_DEPTH_FAIL' 'I' @436  2965 (b95)
 - public static final 'GL_STENCIL_PASS_DEPTH_PASS' 'I' @440  2966 (b96)
 - public static final 'GL_STENCIL_REF' 'I' @444  2967 (b97)
 - public static final 'GL_STENCIL_WRITEMASK' 'I' @448  2968 (b98)
 - public static final 'GL_VIEWPORT' 'I' @452  2978 (ba2)
 - public static final 'GL_DITHER' 'I' @456  3024 (bd0)
 - public static final 'GL_BLEND_DST' 'I' @460  3040 (be0)
 - public static final 'GL_BLEND_SRC' 'I' @464  3041 (be1)
 - public static final 'GL_BLEND' 'I' @468  3042 (be2)
 - public static final 'GL_LOGIC_OP_MODE' 'I' @472  3056 (bf0)
 - public static final 'GL_COLOR_LOGIC_OP' 'I' @476  3058 (bf2)
 - public static final 'GL_DRAW_BUFFER' 'I' @480  3073 (c01)
 - public static final 'GL_READ_BUFFER' 'I' @484  3074 (c02)
 - public static final 'GL_SCISSOR_BOX' 'I' @488  3088 (c10)
 - public static final 'GL_SCISSOR_TEST' 'I' @492  3089 (c11)
 - public static final 'GL_COLOR_CLEAR_VALUE' 'I' @496  3106 (c22)
 - public static final 'GL_COLOR_WRITEMASK' 'I' @500  3107 (c23)
 - public static final 'GL_DOUBLEBUFFER' 'I' @504  3122 (c32)
 - public static final 'GL_STEREO' 'I' @508  3123 (c33)
 - public static final 'GL_LINE_SMOOTH_HINT' 'I' @512  3154 (c52)
 - public static final 'GL_POLYGON_SMOOTH_HINT' 'I' @516  3155 (c53)
 - public static final 'GL_UNPACK_SWAP_BYTES' 'I' @520  3312 (cf0)
 - public static final 'GL_UNPACK_LSB_FIRST' 'I' @524  3313 (cf1)
 - public static final 'GL_UNPACK_ROW_LENGTH' 'I' @528  3314 (cf2)
 - public static final 'GL_UNPACK_SKIP_ROWS' 'I' @532  3315 (cf3)
 - public static final 'GL_UNPACK_SKIP_PIXELS' 'I' @536  3316 (cf4)
 - public static final 'GL_UNPACK_ALIGNMENT' 'I' @540  3317 (cf5)
 - public static final 'GL_PACK_SWAP_BYTES' 'I' @544  3328 (d00)
 - public static final 'GL_PACK_LSB_FIRST' 'I' @548  3329 (d01)
 - public static final 'GL_PACK_ROW_LENGTH' 'I' @552  3330 (d02)
 - public static final 'GL_PACK_SKIP_ROWS' 'I' @556  3331 (d03)
 - public static final 'GL_PACK_SKIP_PIXELS' 'I' @560  3332 (d04)
 - public static final 'GL_PACK_ALIGNMENT' 'I' @564  3333 (d05)
 - public static final 'GL_MAX_TEXTURE_SIZE' 'I' @568  3379 (d33)
 - public static final 'GL_MAX_VIEWPORT_DIMS' 'I' @572  3386 (d3a)
 - public static final 'GL_SUBPIXEL_BITS' 'I' @576  3408 (d50)
 - public static final 'GL_TEXTURE_1D' 'I' @580  3552 (de0)
 - public static final 'GL_TEXTURE_2D' 'I' @584  3553 (de1)
 - public static final 'GL_TEXTURE_WIDTH' 'I' @588  4096 (1000)
 - public static final 'GL_TEXTURE_HEIGHT' 'I' @592  4097 (1001)
 - public static final 'GL_TEXTURE_INTERNAL_FORMAT' 'I' @596  4099 (1003)
 - public static final 'GL_TEXTURE_BORDER_COLOR' 'I' @600  4100 (1004)
 - public static final 'GL_DONT_CARE' 'I' @604  4352 (1100)
 - public static final 'GL_FASTEST' 'I' @608  4353 (1101)
 - public static final 'GL_NICEST' 'I' @612  4354 (1102)
 - public static final 'GL_CLEAR' 'I' @616  5376 (1500)
 - public static final 'GL_AND' 'I' @620  5377 (1501)
 - public static final 'GL_AND_REVERSE' 'I' @624  5378 (1502)
 - public static final 'GL_COPY' 'I' @628  5379 (1503)
 - public static final 'GL_AND_INVERTED' 'I' @632  5380 (1504)
 - public static final 'GL_NOOP' 'I' @636  5381 (1505)
 - public static final 'GL_XOR' 'I' @640  5382 (1506)
 - public static final 'GL_OR' 'I' @644  5383 (1507)
 - public static final 'GL_NOR' 'I' @648  5384 (1508)
 - public static final 'GL_EQUIV' 'I' @652  5385 (1509)
 - public static final 'GL_INVERT' 'I' @656  5386 (150a)
 - public static final 'GL_OR_REVERSE' 'I' @660  5387 (150b)
 - public static final 'GL_COPY_INVERTED' 'I' @664  5388 (150c)
 - public static final 'GL_OR_INVERTED' 'I' @668  5389 (150d)
 - public static final 'GL_NAND' 'I' @672  5390 (150e)
 - public static final 'GL_SET' 'I' @676  5391 (150f)
 - public static final 'GL_COLOR' 'I' @680  6144 (1800)
 - public static final 'GL_DEPTH' 'I' @684  6145 (1801)
 - public static final 'GL_STENCIL' 'I' @688  6146 (1802)
 - public static final 'GL_STENCIL_INDEX' 'I' @692  6401 (1901)
 - public static final 'GL_DEPTH_COMPONENT' 'I' @696  6402 (1902)
 - public static final 'GL_RED' 'I' @700  6403 (1903)
 - public static final 'GL_GREEN' 'I' @704  6404 (1904)
 - public static final 'GL_BLUE' 'I' @708  6405 (1905)
 - public static final 'GL_ALPHA' 'I' @712  6406 (1906)
 - public static final 'GL_RGB' 'I' @716  6407 (1907)
 - public static final 'GL_RGBA' 'I' @720  6408 (1908)
 - public static final 'GL_POINT' 'I' @724  6912 (1b00)
 - public static final 'GL_LINE' 'I' @728  6913 (1b01)
 - public static final 'GL_FILL' 'I' @732  6914 (1b02)
 - public static final 'GL_KEEP' 'I' @736  7680 (1e00)
 - public static final 'GL_REPLACE' 'I' @740  7681 (1e01)
 - public static final 'GL_INCR' 'I' @744  7682 (1e02)
 - public static final 'GL_DECR' 'I' @748  7683 (1e03)
 - public static final 'GL_VENDOR' 'I' @752  7936 (1f00)
 - public static final 'GL_RENDERER' 'I' @756  7937 (1f01)
 - public static final 'GL_VERSION' 'I' @760  7938 (1f02)
 - public static final 'GL_EXTENSIONS' 'I' @764  7939 (1f03)
 - public static final 'GL_NEAREST' 'I' @768  9728 (2600)
 - public static final 'GL_LINEAR' 'I' @772  9729 (2601)
 - public static final 'GL_NEAREST_MIPMAP_NEAREST' 'I' @776  9984 (2700)
 - public static final 'GL_LINEAR_MIPMAP_NEAREST' 'I' @780  9985 (2701)
 - public static final 'GL_NEAREST_MIPMAP_LINEAR' 'I' @784  9986 (2702)
 - public static final 'GL_LINEAR_MIPMAP_LINEAR' 'I' @788  9987 (2703)
 - public static final 'GL_TEXTURE_MAG_FILTER' 'I' @792  10240 (2800)
 - public static final 'GL_TEXTURE_MIN_FILTER' 'I' @796  10241 (2801)
 - public static final 'GL_TEXTURE_WRAP_S' 'I' @800  10242 (2802)
 - public static final 'GL_TEXTURE_WRAP_T' 'I' @804  10243 (2803)
 - public static final 'GL_REPEAT' 'I' @808  10497 (2901)
 - public static final 'GL_POLYGON_OFFSET_FACTOR' 'I' @812  32824 (8038)
 - public static final 'GL_POLYGON_OFFSET_UNITS' 'I' @816  10752 (2a00)
 - public static final 'GL_POLYGON_OFFSET_POINT' 'I' @820  10753 (2a01)
 - public static final 'GL_POLYGON_OFFSET_LINE' 'I' @824  10754 (2a02)
 - public static final 'GL_POLYGON_OFFSET_FILL' 'I' @828  32823 (8037)
 - public static final 'GL_R3_G3_B2' 'I' @832  10768 (2a10)
 - public static final 'GL_RGB4' 'I' @836  32847 (804f)
 - public static final 'GL_RGB5' 'I' @840  32848 (8050)
 - public static final 'GL_RGB8' 'I' @844  32849 (8051)
 - public static final 'GL_RGB10' 'I' @848  32850 (8052)
 - public static final 'GL_RGB12' 'I' @852  32851 (8053)
 - public static final 'GL_RGB16' 'I' @856  32852 (8054)
 - public static final 'GL_RGBA2' 'I' @860  32853 (8055)
 - public static final 'GL_RGBA4' 'I' @864  32854 (8056)
 - public static final 'GL_RGB5_A1' 'I' @868  32855 (8057)
 - public static final 'GL_RGBA8' 'I' @872  32856 (8058)
 - public static final 'GL_RGB10_A2' 'I' @876  32857 (8059)
 - public static final 'GL_RGBA12' 'I' @880  32858 (805a)
 - public static final 'GL_RGBA16' 'I' @884  32859 (805b)
 - public static final 'GL_TEXTURE_RED_SIZE' 'I' @888  32860 (805c)
 - public static final 'GL_TEXTURE_GREEN_SIZE' 'I' @892  32861 (805d)
 - public static final 'GL_TEXTURE_BLUE_SIZE' 'I' @896  32862 (805e)
 - public static final 'GL_TEXTURE_ALPHA_SIZE' 'I' @900  32863 (805f)
 - public static final 'GL_PROXY_TEXTURE_1D' 'I' @904  32867 (8063)
 - public static final 'GL_PROXY_TEXTURE_2D' 'I' @908  32868 (8064)
 - public static final 'GL_TEXTURE_BINDING_1D' 'I' @912  32872 (8068)
 - public static final 'GL_TEXTURE_BINDING_2D' 'I' @916  32873 (8069)
 - public static final 'GL_VERTEX_ARRAY' 'I' @920  32884 (8074)
R12=0x0 is NULL
R13={method} {0x0000022e5e7b4c40} 'nglGetIntegerv' '(IJ)V' in 'org/lwjgl/opengl/GL11C'
R14=0x00007ffec0610000 ig9icd64.dll
R15=0x0000022e42b33c40 is a thread


Registers:
RAX=0x0000000000000020, RBX=0x0000000000008872, RCX=0x0000000000000010, RDX=0x0000000000000000
RSP=0x0000006171aff188, RBP=0x0000006171aff219, RSI=0x0000006171aff2a0, RDI=0x0000022e5f8b0ac0
R8 =0x0000006171aff1f0, R9 =0x0000000000000000, R10=0x0000022e5fe9b400, R11=0x00000000c59a9868
R12=0x0000000000000000, R13=0x0000022e5e7b4c38, R14=0x00007ffec0610000, R15=0x0000022e42b33c40
RIP=0x00007ffec067b363, EFLAGS=0x0000000000010246

Top of Stack: (sp=0x0000006171aff188)
0x0000006171aff188:   00007ffec068c31b 0000000000000000
0x0000006171aff198:   0000000000000007 000000000000000d
0x0000006171aff1a8:   0000022e5e7b4c38 0000006171aff270
0x0000006171aff1b8:   00007ffec7f66534 000000000000000d
0x0000006171aff1c8:   0000022e5dd2ad80 0000006171aff290
0x0000006171aff1d8:   00007ffec7f66534 0000022e5e7ae000
0x0000006171aff1e8:   0000022e5dd2ad80 0000022e00000020
0x0000006171aff1f8:   0000000000000110 0000de6402dc74ab
0x0000006171aff208:   00007ffec7f77149 0000022e42b33c40
0x0000006171aff218:   0000006171aff378 0000000000000000
0x0000006171aff228:   0000000000000110 0000000000000110
0x0000006171aff238:   0000022e5e7b4c38 0000d931cbd389e3
0x0000006171aff248:   00007ffec7cce342 0000022e42b33c40
0x0000006171aff258:   0000006171aff378 0000000000000110
0x0000006171aff268:   0000000000000010 0000006171aff348
0x0000006171aff278:   00007ffec0677bcb 0000000000000110 

Instructions: (pc=0x00007ffec067b363)
0x00007ffec067b263:   00 05 00 00 e9 26 fe ff ff 0f b6 42 71 66 0f 6e
0x00007ffec067b273:   c0 0f 5b c0 f3 0f 11 06 e9 1b fe ff ff 80 7a 70
0x00007ffec067b283:   00 74 11 f3 0f 10 05 be d5 9d 00 f3 0f 11 06 e9
0x00007ffec067b293:   04 fe ff ff f3 0f 10 05 b1 d5 9d 00 f3 0f 11 06
0x00007ffec067b2a3:   e9 f3 fd ff ff 0f b6 42 4d 66 0f 6e c0 0f 5b c0
0x00007ffec067b2b3:   f3 0f 11 06 e9 df fd ff ff cc cc cc cc 8b 41 08
0x00007ffec067b2c3:   4c 8b c9 4c 63 d2 85 c0 75 0c 48 8b 01 41 0f b6
0x00007ffec067b2d3:   10 42 89 14 90 c3 83 f8 01 75 15 41 0f b6 00 66
0x00007ffec067b2e3:   0f 6e c0 48 8b 01 0f 5b c0 f3 42 0f 11 04 90 c3
0x00007ffec067b2f3:   83 f8 02 75 0c 49 8b 01 41 0f b6 08 4a 89 0c d0
0x00007ffec067b303:   c3 83 f8 03 75 0f 41 80 38 00 49 8b 01 0f 95 c1
0x00007ffec067b313:   41 88 0c 02 c3 83 f8 04 41 0f b6 00 75 1c 48 8b
0x00007ffec067b323:   09 3d ff 7f 00 00 76 0a b8 ff ff ff 7f 42 89 04
0x00007ffec067b333:   91 c3 c1 e0 10 42 89 04 91 c3 66 0f 6e c0 48 8b
0x00007ffec067b343:   01 f3 0f e6 c0 f2 42 0f 11 04 d0 c3 cc 48 8b c1
0x00007ffec067b353:   4c 63 ca 8b 49 08 85 c9 75 0b 48 8b 08 41 8b 00
0x00007ffec067b363:   42 89 04 89 c3 83 f9 01 75 12 66 41 0f 6e 00 48
0x00007ffec067b373:   8b 00 0f 5b c0 f3 42 0f 11 04 88 c3 83 f9 02 75
0x00007ffec067b383:   0b 48 8b 00 49 63 08 4a 89 0c c8 c3 83 f9 03 75
0x00007ffec067b393:   0f 41 83 38 00 48 8b 00 0f 95 c1 41 88 0c 01 c3
0x00007ffec067b3a3:   83 f9 04 75 30 48 8b 08 41 8b 00 3d ff 7f 00 00
0x00007ffec067b3b3:   7e 0a b8 ff ff ff 7f 42 89 04 89 c3 3d 01 80 ff
0x00007ffec067b3c3:   ff 7d 0a b8 01 00 00 80 42 89 04 89 c3 c1 e0 10
0x00007ffec067b3d3:   42 89 04 89 c3 66 41 0f 6e 00 48 8b 00 f3 0f e6
0x00007ffec067b3e3:   c0 f2 42 0f 11 04 c8 c3 cc cc cc cc cc 8b 41 08
0x00007ffec067b3f3:   4c 8b c9 4c 63 d2 85 c0 74 43 83 f8 01 75 15 41
0x00007ffec067b403:   8b 00 0f 57 c0 f3 48 0f 2a c0 48 8b 01 f3 42 0f
0x00007ffec067b413:   11 04 90 c3 83 f8 02 75 0b 49 8b 01 41 8b 08 4a
0x00007ffec067b423:   89 0c d0 c3 83 f8 03 75 0f 41 83 38 00 49 8b 01
0x00007ffec067b433:   0f 95 c1 41 88 0c 02 c3 83 f8 04 75 0b 48 8b 09
0x00007ffec067b443:   41 8b 00 42 89 04 91 c3 41 8b 00 0f 57 c0 f2 48
0x00007ffec067b453:   0f 2a c0 48 8b 01 f2 42 0f 11 04 d0 c3 8b 41 08 


Stack slot to memory mapping:
stack at sp + 0 slots: 0x00007ffec068c31b ig9icd64.dll
stack at sp + 1 slots: 0x0 is NULL
stack at sp + 2 slots: 0x0000000000000007 is an unknown value
stack at sp + 3 slots: 0x000000000000000d is an unknown value
stack at sp + 4 slots: {method} {0x0000022e5e7b4c40} 'nglGetIntegerv' '(IJ)V' in 'org/lwjgl/opengl/GL11C'
stack at sp + 5 slots: 0x0000006171aff270 is pointing into the stack for thread: 0x0000022e42b33c40
stack at sp + 6 slots: 0x00007ffec7f66534 jvm.dll
stack at sp + 7 slots: 0x000000000000000d is an unknown value


---------------  P R O C E S S  ---------------

Threads class SMR info:
_java_thread_list=0x0000022e5e823860, length=12, elements={
0x0000022e42b33c40, 0x0000022e42be33e0, 0x0000022e42be5170, 0x0000022e42bf7290,
0x0000022e42bf7d50, 0x0000022e42bfa720, 0x0000022e42bfe4e0, 0x0000022e42c00190,
0x0000022e42c08b50, 0x0000022e42c0d470, 0x0000022e5e84a550, 0x0000022e5e84aa20
}

Java Threads: ( => current thread )
=>0x0000022e42b33c40 JavaThread "main" [_thread_in_native, id=13276, stack(0x0000006171a00000,0x0000006171b00000)]
  0x0000022e42be33e0 JavaThread "Reference Handler" daemon [_thread_blocked, id=4896, stack(0x0000006172100000,0x0000006172200000)]
  0x0000022e42be5170 JavaThread "Finalizer" daemon [_thread_blocked, id=3996, stack(0x0000006172200000,0x0000006172300000)]
  0x0000022e42bf7290 JavaThread "Signal Dispatcher" daemon [_thread_blocked, id=13080, stack(0x0000006172300000,0x0000006172400000)]
  0x0000022e42bf7d50 JavaThread "Attach Listener" daemon [_thread_blocked, id=9936, stack(0x0000006172400000,0x0000006172500000)]
  0x0000022e42bfa720 JavaThread "Service Thread" daemon [_thread_blocked, id=9136, stack(0x0000006172500000,0x0000006172600000)]
  0x0000022e42bfe4e0 JavaThread "Monitor Deflation Thread" daemon [_thread_blocked, id=13876, stack(0x0000006172600000,0x0000006172700000)]
  0x0000022e42c00190 JavaThread "C2 CompilerThread0" daemon [_thread_blocked, id=14084, stack(0x0000006172700000,0x0000006172800000)]
  0x0000022e42c08b50 JavaThread "C1 CompilerThread0" daemon [_thread_blocked, id=10732, stack(0x0000006172800000,0x0000006172900000)]
  0x0000022e42c0d470 JavaThread "Sweeper thread" daemon [_thread_blocked, id=10332, stack(0x0000006172900000,0x0000006172a00000)]
  0x0000022e5e84a550 JavaThread "Notification Thread" daemon [_thread_blocked, id=13696, stack(0x0000006172a00000,0x0000006172b00000)]
  0x0000022e5e84aa20 JavaThread "Common-Cleaner" daemon [_thread_blocked, id=9500, stack(0x0000006172c00000,0x0000006172d00000)]

Other Threads:
  0x0000022e42bdd8d0 VMThread "VM Thread" [stack: 0x0000006172000000,0x0000006172100000] [id=13812]
  0x0000022e42b72dc0 WatcherThread [stack: 0x0000006172b00000,0x0000006172c00000] [id=1840]
  0x0000022e42b5b420 GCTaskThread "GC Thread#0" [stack: 0x0000006171b00000,0x0000006171c00000] [id=15060]
  0x0000022e5fea0a60 GCTaskThread "GC Thread#1" [stack: 0x0000006173300000,0x0000006173400000] [id=1200]
  0x0000022e5fd2cd60 GCTaskThread "GC Thread#2" [stack: 0x0000006173400000,0x0000006173500000] [id=14844]
  0x0000022e5ea330a0 GCTaskThread "GC Thread#3" [stack: 0x0000006173500000,0x0000006173600000] [id=16224]
  0x0000022e42b66310 ConcurrentGCThread "G1 Main Marker" [stack: 0x0000006171c00000,0x0000006171d00000] [id=17348]
  0x0000022e42b683e0 ConcurrentGCThread "G1 Conc#0" [stack: 0x0000006171d00000,0x0000006171e00000] [id=5696]
  0x0000022e42bb9e40 ConcurrentGCThread "G1 Refine#0" [stack: 0x0000006171e00000,0x0000006171f00000] [id=9944]
  0x0000022e42bba770 ConcurrentGCThread "G1 Service" [stack: 0x0000006171f00000,0x0000006172000000] [id=8644]

Threads with active compile tasks:

VM state: not at safepoint (normal execution)

VM Mutex/Monitor currently owned by a thread: None

Heap address: 0x00000000c1c00000, size: 996 MB, Compressed Oops mode: 32-bit

CDS archive(s) mapped at: [0x0000000800000000-0x0000000800bc0000-0x0000000800bc0000), size 12320768, SharedBaseAddress: 0x0000000800000000, ArchiveRelocationMode: 0.
Compressed class space mapped at: 0x0000000800c00000-0x0000000840c00000, reserved size: 1073741824
Narrow klass base: 0x0000000800000000, Narrow klass shift: 0, Narrow klass range: 0x100000000

GC Precious Log:
 CPUs: 4 total, 4 available
 Memory: 3977M
 Large Page Support: Disabled
 NUMA Support: Disabled
 Compressed Oops: Enabled (32-bit)
 Heap Region Size: 1M
 Heap Min Capacity: 8M
 Heap Initial Capacity: 64M
 Heap Max Capacity: 996M
 Pre-touch: Disabled
 Parallel Workers: 4
 Concurrent Workers: 1
 Concurrent Refinement Workers: 4
 Periodic GC: Disabled

Heap:
 garbage-first heap   total 65536K, used 4112K [0x00000000c1c00000, 0x0000000100000000)
  region size 1024K, 5 young (5120K), 2 survivors (2048K)
 Metaspace       used 5305K, committed 5504K, reserved 1056768K
  class space    used 254K, committed 384K, reserved 1048576K

Heap Regions: E=young(eden), S=young(survivor), O=old, HS=humongous(starts), HC=humongous(continues), CS=collection set, F=free, OA=open archive, CA=closed archive, TAMS=top-at-mark-start (previous, next)
|   0|0x00000000c1c00000, 0x00000000c1c04000, 0x00000000c1d00000|  1%| O|  |TAMS 0x00000000c1c00000, 0x00000000c1c00000| Untracked 
|   1|0x00000000c1d00000, 0x00000000c1d00000, 0x00000000c1e00000|  0%| F|  |TAMS 0x00000000c1d00000, 0x00000000c1d00000| Untracked 
|   2|0x00000000c1e00000, 0x00000000c1e00000, 0x00000000c1f00000|  0%| F|  |TAMS 0x00000000c1e00000, 0x00000000c1e00000| Untracked 
|   3|0x00000000c1f00000, 0x00000000c1f00000, 0x00000000c2000000|  0%| F|  |TAMS 0x00000000c1f00000, 0x00000000c1f00000| Untracked 
|   4|0x00000000c2000000, 0x00000000c2000000, 0x00000000c2100000|  0%| F|  |TAMS 0x00000000c2000000, 0x00000000c2000000| Untracked 
|   5|0x00000000c2100000, 0x00000000c2100000, 0x00000000c2200000|  0%| F|  |TAMS 0x00000000c2100000, 0x00000000c2100000| Untracked 
|   6|0x00000000c2200000, 0x00000000c2200000, 0x00000000c2300000|  0%| F|  |TAMS 0x00000000c2200000, 0x00000000c2200000| Untracked 
|   7|0x00000000c2300000, 0x00000000c2300000, 0x00000000c2400000|  0%| F|  |TAMS 0x00000000c2300000, 0x00000000c2300000| Untracked 
|   8|0x00000000c2400000, 0x00000000c2400000, 0x00000000c2500000|  0%| F|  |TAMS 0x00000000c2400000, 0x00000000c2400000| Untracked 
|   9|0x00000000c2500000, 0x00000000c2500000, 0x00000000c2600000|  0%| F|  |TAMS 0x00000000c2500000, 0x00000000c2500000| Untracked 
|  10|0x00000000c2600000, 0x00000000c2600000, 0x00000000c2700000|  0%| F|  |TAMS 0x00000000c2600000, 0x00000000c2600000| Untracked 
|  11|0x00000000c2700000, 0x00000000c2700000, 0x00000000c2800000|  0%| F|  |TAMS 0x00000000c2700000, 0x00000000c2700000| Untracked 
|  12|0x00000000c2800000, 0x00000000c2800000, 0x00000000c2900000|  0%| F|  |TAMS 0x00000000c2800000, 0x00000000c2800000| Untracked 
|  13|0x00000000c2900000, 0x00000000c2900000, 0x00000000c2a00000|  0%| F|  |TAMS 0x00000000c2900000, 0x00000000c2900000| Untracked 
|  14|0x00000000c2a00000, 0x00000000c2a00000, 0x00000000c2b00000|  0%| F|  |TAMS 0x00000000c2a00000, 0x00000000c2a00000| Untracked 
|  15|0x00000000c2b00000, 0x00000000c2b00000, 0x00000000c2c00000|  0%| F|  |TAMS 0x00000000c2b00000, 0x00000000c2b00000| Untracked 
|  16|0x00000000c2c00000, 0x00000000c2c00000, 0x00000000c2d00000|  0%| F|  |TAMS 0x00000000c2c00000, 0x00000000c2c00000| Untracked 
|  17|0x00000000c2d00000, 0x00000000c2d00000, 0x00000000c2e00000|  0%| F|  |TAMS 0x00000000c2d00000, 0x00000000c2d00000| Untracked 
|  18|0x00000000c2e00000, 0x00000000c2e00000, 0x00000000c2f00000|  0%| F|  |TAMS 0x00000000c2e00000, 0x00000000c2e00000| Untracked 
|  19|0x00000000c2f00000, 0x00000000c2f00000, 0x00000000c3000000|  0%| F|  |TAMS 0x00000000c2f00000, 0x00000000c2f00000| Untracked 
|  20|0x00000000c3000000, 0x00000000c3000000, 0x00000000c3100000|  0%| F|  |TAMS 0x00000000c3000000, 0x00000000c3000000| Untracked 
|  21|0x00000000c3100000, 0x00000000c3100000, 0x00000000c3200000|  0%| F|  |TAMS 0x00000000c3100000, 0x00000000c3100000| Untracked 
|  22|0x00000000c3200000, 0x00000000c3200000, 0x00000000c3300000|  0%| F|  |TAMS 0x00000000c3200000, 0x00000000c3200000| Untracked 
|  23|0x00000000c3300000, 0x00000000c3300000, 0x00000000c3400000|  0%| F|  |TAMS 0x00000000c3300000, 0x00000000c3300000| Untracked 
|  24|0x00000000c3400000, 0x00000000c3400000, 0x00000000c3500000|  0%| F|  |TAMS 0x00000000c3400000, 0x00000000c3400000| Untracked 
|  25|0x00000000c3500000, 0x00000000c3500000, 0x00000000c3600000|  0%| F|  |TAMS 0x00000000c3500000, 0x00000000c3500000| Untracked 
|  26|0x00000000c3600000, 0x00000000c3600000, 0x00000000c3700000|  0%| F|  |TAMS 0x00000000c3600000, 0x00000000c3600000| Untracked 
|  27|0x00000000c3700000, 0x00000000c3700000, 0x00000000c3800000|  0%| F|  |TAMS 0x00000000c3700000, 0x00000000c3700000| Untracked 
|  28|0x00000000c3800000, 0x00000000c3800000, 0x00000000c3900000|  0%| F|  |TAMS 0x00000000c3800000, 0x00000000c3800000| Untracked 
|  29|0x00000000c3900000, 0x00000000c3900000, 0x00000000c3a00000|  0%| F|  |TAMS 0x00000000c3900000, 0x00000000c3900000| Untracked 
|  30|0x00000000c3a00000, 0x00000000c3a00000, 0x00000000c3b00000|  0%| F|  |TAMS 0x00000000c3a00000, 0x00000000c3a00000| Untracked 
|  31|0x00000000c3b00000, 0x00000000c3b00000, 0x00000000c3c00000|  0%| F|  |TAMS 0x00000000c3b00000, 0x00000000c3b00000| Untracked 
|  32|0x00000000c3c00000, 0x00000000c3c00000, 0x00000000c3d00000|  0%| F|  |TAMS 0x00000000c3c00000, 0x00000000c3c00000| Untracked 
|  33|0x00000000c3d00000, 0x00000000c3d00000, 0x00000000c3e00000|  0%| F|  |TAMS 0x00000000c3d00000, 0x00000000c3d00000| Untracked 
|  34|0x00000000c3e00000, 0x00000000c3e00000, 0x00000000c3f00000|  0%| F|  |TAMS 0x00000000c3e00000, 0x00000000c3e00000| Untracked 
|  35|0x00000000c3f00000, 0x00000000c3f00000, 0x00000000c4000000|  0%| F|  |TAMS 0x00000000c3f00000, 0x00000000c3f00000| Untracked 
|  36|0x00000000c4000000, 0x00000000c4000000, 0x00000000c4100000|  0%| F|  |TAMS 0x00000000c4000000, 0x00000000c4000000| Untracked 
|  37|0x00000000c4100000, 0x00000000c4100000, 0x00000000c4200000|  0%| F|  |TAMS 0x00000000c4100000, 0x00000000c4100000| Untracked 
|  38|0x00000000c4200000, 0x00000000c4200000, 0x00000000c4300000|  0%| F|  |TAMS 0x00000000c4200000, 0x00000000c4200000| Untracked 
|  39|0x00000000c4300000, 0x00000000c4300000, 0x00000000c4400000|  0%| F|  |TAMS 0x00000000c4300000, 0x00000000c4300000| Untracked 
|  40|0x00000000c4400000, 0x00000000c4400000, 0x00000000c4500000|  0%| F|  |TAMS 0x00000000c4400000, 0x00000000c4400000| Untracked 
|  41|0x00000000c4500000, 0x00000000c4500000, 0x00000000c4600000|  0%| F|  |TAMS 0x00000000c4500000, 0x00000000c4500000| Untracked 
|  42|0x00000000c4600000, 0x00000000c4600000, 0x00000000c4700000|  0%| F|  |TAMS 0x00000000c4600000, 0x00000000c4600000| Untracked 
|  43|0x00000000c4700000, 0x00000000c4700000, 0x00000000c4800000|  0%| F|  |TAMS 0x00000000c4700000, 0x00000000c4700000| Untracked 
|  44|0x00000000c4800000, 0x00000000c4800000, 0x00000000c4900000|  0%| F|  |TAMS 0x00000000c4800000, 0x00000000c4800000| Untracked 
|  45|0x00000000c4900000, 0x00000000c4900000, 0x00000000c4a00000|  0%| F|  |TAMS 0x00000000c4900000, 0x00000000c4900000| Untracked 
|  46|0x00000000c4a00000, 0x00000000c4a00000, 0x00000000c4b00000|  0%| F|  |TAMS 0x00000000c4a00000, 0x00000000c4a00000| Untracked 
|  47|0x00000000c4b00000, 0x00000000c4b00000, 0x00000000c4c00000|  0%| F|  |TAMS 0x00000000c4b00000, 0x00000000c4b00000| Untracked 
|  48|0x00000000c4c00000, 0x00000000c4c00000, 0x00000000c4d00000|  0%| F|  |TAMS 0x00000000c4c00000, 0x00000000c4c00000| Untracked 
|  49|0x00000000c4d00000, 0x00000000c4e00000, 0x00000000c4e00000|100%| S|CS|TAMS 0x00000000c4d00000, 0x00000000c4d00000| Complete 
|  50|0x00000000c4e00000, 0x00000000c4f00000, 0x00000000c4f00000|100%| S|CS|TAMS 0x00000000c4e00000, 0x00000000c4e00000| Complete 
|  51|0x00000000c4f00000, 0x00000000c4f00000, 0x00000000c5000000|  0%| F|  |TAMS 0x00000000c4f00000, 0x00000000c4f00000| Untracked 
|  52|0x00000000c5000000, 0x00000000c5000000, 0x00000000c5100000|  0%| F|  |TAMS 0x00000000c5000000, 0x00000000c5000000| Untracked 
|  53|0x00000000c5100000, 0x00000000c5100000, 0x00000000c5200000|  0%| F|  |TAMS 0x00000000c5100000, 0x00000000c5100000| Untracked 
|  54|0x00000000c5200000, 0x00000000c5200000, 0x00000000c5300000|  0%| F|  |TAMS 0x00000000c5200000, 0x00000000c5200000| Untracked 
|  55|0x00000000c5300000, 0x00000000c5300000, 0x00000000c5400000|  0%| F|  |TAMS 0x00000000c5300000, 0x00000000c5300000| Untracked 
|  56|0x00000000c5400000, 0x00000000c5400000, 0x00000000c5500000|  0%| F|  |TAMS 0x00000000c5400000, 0x00000000c5400000| Untracked 
|  57|0x00000000c5500000, 0x00000000c5500000, 0x00000000c5600000|  0%| F|  |TAMS 0x00000000c5500000, 0x00000000c5500000| Untracked 
|  58|0x00000000c5600000, 0x00000000c5600000, 0x00000000c5700000|  0%| F|  |TAMS 0x00000000c5600000, 0x00000000c5600000| Untracked 
|  59|0x00000000c5700000, 0x00000000c5700000, 0x00000000c5800000|  0%| F|  |TAMS 0x00000000c5700000, 0x00000000c5700000| Untracked 
|  60|0x00000000c5800000, 0x00000000c5800000, 0x00000000c5900000|  0%| F|  |TAMS 0x00000000c5800000, 0x00000000c5800000| Untracked 
|  61|0x00000000c5900000, 0x00000000c59b8ad0, 0x00000000c5a00000| 72%| E|  |TAMS 0x00000000c5900000, 0x00000000c5900000| Complete 
|  62|0x00000000c5a00000, 0x00000000c5b00000, 0x00000000c5b00000|100%| E|CS|TAMS 0x00000000c5a00000, 0x00000000c5a00000| Complete 
|  63|0x00000000c5b00000, 0x00000000c5c00000, 0x00000000c5c00000|100%| E|CS|TAMS 0x00000000c5b00000, 0x00000000c5b00000| Complete 

Card table byte_map: [0x0000022e59530000,0x0000022e59730000] _byte_map_base: 0x0000022e58f22000

Marking Bits (Prev, Next): (CMBitMap*) 0x0000022e42b5dd60, (CMBitMap*) 0x0000022e42b5dda0
 Prev Bits: [0x0000022e59930000, 0x0000022e5a8c0000)
 Next Bits: [0x0000022e5a8c0000, 0x0000022e5b850000)

Polling page: 0x0000022e42310000

Metaspace:

Usage:
  Non-class:      4.93 MB used.
      Class:    254.36 KB used.
       Both:      5.18 MB used.

Virtual space:
  Non-class space:        8.00 MB reserved,       5.00 MB ( 62%) committed,  1 nodes.
      Class space:        1.00 GB reserved,     384.00 KB ( <1%) committed,  1 nodes.
             Both:        1.01 GB reserved,       5.38 MB ( <1%) committed. 

Chunk freelists:
   Non-Class:  256.00 KB
       Class:  3.55 MB
        Both:  3.80 MB

MaxMetaspaceSize: unlimited
CompressedClassSpaceSize: 1.00 GB
Initial GC threshold: 21.00 MB
Current GC threshold: 21.00 MB
CDS: on
MetaspaceReclaimPolicy: balanced
 - commit_granule_bytes: 65536.
 - commit_granule_words: 8192.
 - virtual_space_node_default_size: 1048576.
 - enlarge_chunks_in_place: 1.
 - new_chunks_are_fully_committed: 0.
 - uncommit_free_chunks: 1.
 - use_allocation_guard: 0.
 - handle_deallocations: 1.


Internal statistics:

num_allocs_failed_limit: 0.
num_arena_births: 88.
num_arena_deaths: 0.
num_vsnodes_births: 2.
num_vsnodes_deaths: 0.
num_space_committed: 84.
num_space_uncommitted: 0.
num_chunks_returned_to_freelist: 0.
num_chunks_taken_from_freelist: 244.
num_chunk_merges: 0.
num_chunk_splits: 175.
num_chunks_enlarged: 137.
num_purges: 0.
num_inconsistent_stats: 0.

CodeHeap 'non-profiled nmethods': size=120000Kb used=238Kb max_used=238Kb free=119761Kb
 bounds [0x0000022e51e00000, 0x0000022e52070000, 0x0000022e59330000]
CodeHeap 'profiled nmethods': size=120000Kb used=1186Kb max_used=1186Kb free=118814Kb
 bounds [0x0000022e4a8d0000, 0x0000022e4ab40000, 0x0000022e51e00000]
CodeHeap 'non-nmethods': size=5760Kb used=1567Kb max_used=1583Kb free=4192Kb
 bounds [0x0000022e4a330000, 0x0000022e4a5a0000, 0x0000022e4a8d0000]
 total_blobs=1751 nmethods=762 adapters=902
 compilation: enabled
              stopped_count=0, restarted_count=0
 full_count=0

Compilation events (20 events):
Event: 0.725 Thread 0x0000022e42c00190 nmethod 750 0x0000022e51e37f10 code [0x0000022e51e38080, 0x0000022e51e381d8]
Event: 0.725 Thread 0x0000022e42c00190  751       4       org.joml.Vector2f::<init> (15 bytes)
Event: 0.725 Thread 0x0000022e42c00190 nmethod 751 0x0000022e51e38310 code [0x0000022e51e38480, 0x0000022e51e384f8]
Event: 0.725 Thread 0x0000022e42c00190  754       4       java.lang.invoke.LambdaForm$MH/0x0000000800c30400::invoke (32 bytes)
Event: 0.726 Thread 0x0000022e42c00190 nmethod 754 0x0000022e51e38610 code [0x0000022e51e387a0, 0x0000022e51e388b8]
Event: 0.726 Thread 0x0000022e42c00190  752       4       java.lang.invoke.DirectMethodHandle$Holder::invokeStatic (17 bytes)
Event: 0.727 Thread 0x0000022e42c00190 nmethod 752 0x0000022e51e38a10 code [0x0000022e51e38ba0, 0x0000022e51e38c68]
Event: 0.727 Thread 0x0000022e42c00190  756       4       java.lang.invoke.DirectMethodHandle$Holder::invokeStatic (21 bytes)
Event: 0.727 Thread 0x0000022e42c00190 nmethod 756 0x0000022e51e38d90 code [0x0000022e51e38f20, 0x0000022e51e39008]
Event: 0.728 Thread 0x0000022e42c00190  753       4       java.lang.StringConcatHelper::mix (11 bytes)
Event: 0.729 Thread 0x0000022e42c00190 nmethod 753 0x0000022e51e39110 code [0x0000022e51e39280, 0x0000022e51e393d8]
Event: 0.729 Thread 0x0000022e42c00190  755       4       java.lang.StringConcatHelper::prepend (22 bytes)
Event: 0.735 Thread 0x0000022e42c00190 nmethod 755 0x0000022e51e39510 code [0x0000022e51e396a0, 0x0000022e51e39938]
Event: 0.735 Thread 0x0000022e42c00190  758       4       jdk.internal.misc.Unsafe::allocateUninitializedArray (55 bytes)
Event: 0.737 Thread 0x0000022e42c00190 nmethod 758 0x0000022e51e39c10 code [0x0000022e51e39da0, 0x0000022e51e39f78]
Event: 0.737 Thread 0x0000022e42c00190  759       4       jdk.internal.misc.Unsafe::allocateUninitializedArray0 (90 bytes)
Event: 0.739 Thread 0x0000022e42c00190 nmethod 759 0x0000022e51e3a110 code [0x0000022e51e3a2a0, 0x0000022e51e3a478]
Event: 0.739 Thread 0x0000022e42c00190  757       4       java.lang.StringConcatHelper::newArray (26 bytes)
Event: 0.740 Thread 0x0000022e42c00190 nmethod 757 0x0000022e51e3a590 code [0x0000022e51e3a720, 0x0000022e51e3a838]
Event: 0.740 Thread 0x0000022e42c00190  761       4       java.lang.String::getBytes (44 bytes)

GC Heap History (2 events):
Event: 0.716 GC heap before
{Heap before GC invocations=0 (full 0):
 garbage-first heap   total 65536K, used 12288K [0x00000000c1c00000, 0x0000000100000000)
  region size 1024K, 13 young (13312K), 0 survivors (0K)
 Metaspace       used 5223K, committed 5440K, reserved 1056768K
  class space    used 252K, committed 384K, reserved 1048576K
}
Event: 0.721 GC heap after
{Heap after GC invocations=1 (full 0):
 garbage-first heap   total 65536K, used 2064K [0x00000000c1c00000, 0x0000000100000000)
  region size 1024K, 2 young (2048K), 2 survivors (2048K)
 Metaspace       used 5223K, committed 5440K, reserved 1056768K
  class space    used 252K, committed 384K, reserved 1048576K
}

Deoptimization events (8 events):
Event: 0.105 Thread 0x0000022e42b33c40 Uncommon trap: trap_request=0xffffff45 fr.pc=0x0000022e51e06ae4 relative=0x0000000000000064
Event: 0.105 Thread 0x0000022e42b33c40 Uncommon trap: reason=unstable_if action=reinterpret pc=0x0000022e51e06ae4 method=java.io.WinNTFileSystem.isSlash(C)Z @ 9 c2
Event: 0.105 Thread 0x0000022e42b33c40 DEOPT PACKING pc=0x0000022e51e06ae4 sp=0x0000006171afe540
Event: 0.105 Thread 0x0000022e42b33c40 DEOPT UNPACKING pc=0x0000022e4a3823a3 sp=0x0000006171afe4c8 mode 2
Event: 0.130 Thread 0x0000022e42b33c40 DEOPT PACKING pc=0x0000022e4a8e7767 sp=0x0000006171af92a0
Event: 0.130 Thread 0x0000022e42b33c40 DEOPT UNPACKING pc=0x0000022e4a382b43 sp=0x0000006171af86c0 mode 0
Event: 0.579 Thread 0x0000022e42b33c40 DEOPT PACKING pc=0x0000022e4a9036e5 sp=0x0000006171afe2b0
Event: 0.579 Thread 0x0000022e42b33c40 DEOPT UNPACKING pc=0x0000022e4a382b43 sp=0x0000006171afd700 mode 0

Classes unloaded (0 events):
No events

Classes redefined (0 events):
No events

Internal exceptions (17 events):
Event: 0.132 Thread 0x0000022e42b33c40 Exception <a 'java/lang/NoSuchMethodError'{0x00000000c5801c30}: 'java.lang.Object java.lang.invoke.DirectMethodHandle$Holder.invokeStaticInit(java.lang.Object)'> (0x00000000c5801c30) 
thrown [t:\workspace\open\src\hotspot\share\interpreter\linkResolver.cpp, line 766]
Event: 0.144 Thread 0x0000022e42b33c40 Exception <a 'java/lang/NoSuchMethodError'{0x00000000c584fac0}: 'void java.lang.invoke.DirectMethodHandle$Holder.invokeStatic(java.lang.Object, java.lang.Object)'> (0x00000000c584fac0) 
thrown [t:\workspace\open\src\hotspot\share\interpreter\linkResolver.cpp, line 766]
Event: 0.145 Thread 0x0000022e42b33c40 Exception <a 'java/lang/NoSuchMethodError'{0x00000000c5855308}: 'void java.lang.invoke.DirectMethodHandle$Holder.invokeSpecial(java.lang.Object, java.lang.Object, java.lang.Object)'> (0x00000000c5855308) 
thrown [t:\workspace\open\src\hotspot\share\interpreter\linkResolver.cpp, line 766]
Event: 0.148 Thread 0x0000022e42b33c40 Exception <a 'java/lang/NoSuchMethodError'{0x00000000c5867038}: 'java.lang.Object java.lang.invoke.DirectMethodHandle$Holder.invokeStatic(java.lang.Object, java.lang.Object, int)'> (0x00000000c5867038) 
thrown [t:\workspace\open\src\hotspot\share\interpreter\linkResolver.cpp, line 766]
Event: 0.149 Thread 0x0000022e42b33c40 Exception <a 'java/lang/NoSuchMethodError'{0x00000000c5872d28}: 'void java.lang.invoke.DelegatingMethodHandle$Holder.delegate(java.lang.Object, java.lang.Object, int, java.lang.Object)'> (0x00000000c5872d28) 
thrown [t:\workspace\open\src\hotspot\share\interpreter\linkResolver.cpp, line 766]
Event: 0.150 Thread 0x0000022e42b33c40 Exception <a 'java/lang/NoSuchMethodError'{0x00000000c5876f68}: 'int java.lang.invoke.DirectMethodHandle$Holder.invokeSpecial(java.lang.Object, java.lang.Object, java.lang.Object)'> (0x00000000c5876f68) 
thrown [t:\workspace\open\src\hotspot\share\interpreter\linkResolver.cpp, line 766]
Event: 0.188 Thread 0x0000022e42b33c40 Exception <a 'sun/nio/fs/WindowsException'{0x00000000c58d1d90}> (0x00000000c58d1d90) 
thrown [t:\workspace\open\src\hotspot\share\prims\jni.cpp, line 516]
Event: 0.188 Thread 0x0000022e42b33c40 Exception <a 'sun/nio/fs/WindowsException'{0x00000000c58d22e0}> (0x00000000c58d22e0) 
thrown [t:\workspace\open\src\hotspot\share\prims\jni.cpp, line 516]
Event: 0.223 Thread 0x0000022e42b33c40 Exception <a 'sun/nio/fs/WindowsException'{0x00000000c578e090}> (0x00000000c578e090) 
thrown [t:\workspace\open\src\hotspot\share\prims\jni.cpp, line 516]
Event: 0.223 Thread 0x0000022e42b33c40 Exception <a 'sun/nio/fs/WindowsException'{0x00000000c578e3f0}> (0x00000000c578e3f0) 
thrown [t:\workspace\open\src\hotspot\share\prims\jni.cpp, line 516]
Event: 0.368 Thread 0x0000022e42b33c40 Exception <a 'java/lang/NoSuchMethodError'{0x00000000c57e0cd0}: 'void java.lang.invoke.DirectMethodHandle$Holder.invokeStaticInit(java.lang.Object, long, double, double)'> (0x00000000c57e0cd0) 
thrown [t:\workspace\open\src\hotspot\share\interpreter\linkResolver.cpp, line 766]
Event: 0.372 Thread 0x0000022e42b33c40 Exception <a 'java/lang/NoSuchMethodError'{0x00000000c57f0420}: 'void java.lang.invoke.DirectMethodHandle$Holder.invokeStaticInit(java.lang.Object, long, int, int, int)'> (0x00000000c57f0420) 
thrown [t:\workspace\open\src\hotspot\share\interpreter\linkResolver.cpp, line 766]
Event: 0.380 Thread 0x0000022e42b33c40 Exception <a 'java/lang/NoSuchMethodError'{0x00000000c560a340}: 'void java.lang.invoke.DirectMethodHandle$Holder.invokeStaticInit(java.lang.Object, long, int, int, int, int)'> (0x00000000c560a340) 
thrown [t:\workspace\open\src\hotspot\share\interpreter\linkResolver.cpp, line 766]
Event: 0.416 Thread 0x0000022e42b33c40 Exception <a 'sun/nio/fs/WindowsException'{0x00000000c5643358}> (0x00000000c5643358) 
thrown [t:\workspace\open\src\hotspot\share\prims\jni.cpp, line 516]
Event: 0.416 Thread 0x0000022e42b33c40 Exception <a 'sun/nio/fs/WindowsException'{0x00000000c56439c8}> (0x00000000c56439c8) 
thrown [t:\workspace\open\src\hotspot\share\prims\jni.cpp, line 516]
Event: 0.420 Thread 0x0000022e42b33c40 Exception <a 'sun/nio/fs/WindowsException'{0x00000000c564aeb0}> (0x00000000c564aeb0) 
thrown [t:\workspace\open\src\hotspot\share\prims\jni.cpp, line 516]
Event: 0.420 Thread 0x0000022e42b33c40 Exception <a 'sun/nio/fs/WindowsException'{0x00000000c564b180}> (0x00000000c564b180) 
thrown [t:\workspace\open\src\hotspot\share\prims\jni.cpp, line 516]

VM Operations (8 events):
Event: 0.065 Executing VM operation: HandshakeAllThreads
Event: 0.065 Executing VM operation: HandshakeAllThreads done
Event: 0.431 Executing VM operation: HandshakeAllThreads
Event: 0.431 Executing VM operation: HandshakeAllThreads done
Event: 0.715 Executing VM operation: G1CollectForAllocation
Event: 0.721 Executing VM operation: G1CollectForAllocation done
Event: 0.735 Executing VM operation: HandshakeAllThreads
Event: 0.735 Executing VM operation: HandshakeAllThreads done

Events (20 events):
Event: 0.200 loading class java/nio/InvalidMarkException
Event: 0.201 loading class java/nio/InvalidMarkException done
Event: 0.201 loading class java/nio/BufferUnderflowException
Event: 0.201 loading class java/nio/BufferUnderflowException done
Event: 0.224 loading class java/lang/NoSuchFieldError
Event: 0.224 loading class java/lang/NoSuchFieldError done
Event: 0.227 loading class jdk/internal/reflect/UnsafeQualifiedStaticIntegerFieldAccessorImpl
Event: 0.227 loading class jdk/internal/reflect/UnsafeQualifiedStaticIntegerFieldAccessorImpl done
Event: 0.417 Loaded shared library C:\Users\ASUS\AppData\Local\Temp\lwjglASUS\3.2.3-build-13\lwjgl_opengl.dll
Event: 0.493 loading class jdk/internal/misc/ScopedMemoryAccess$Scope
Event: 0.494 loading class jdk/internal/misc/ScopedMemoryAccess$Scope done
Event: 0.642 loading class jdk/internal/reflect/UnsafeQualifiedLongFieldAccessorImpl
Event: 0.642 loading class jdk/internal/reflect/UnsafeQualifiedFieldAccessorImpl
Event: 0.642 loading class jdk/internal/reflect/UnsafeQualifiedFieldAccessorImpl done
Event: 0.642 loading class jdk/internal/reflect/UnsafeQualifiedLongFieldAccessorImpl done
Event: 0.653 loading class java/io/Externalizable
Event: 0.653 loading class java/io/Externalizable done
Event: 0.657 Loaded shared library C:\Users\ASUS\.jdks\openjdk-17.0.1\bin\verify.dll
Event: 0.734 loading class java/nio/HeapIntBuffer
Event: 0.734 loading class java/nio/HeapIntBuffer done


Dynamic libraries:
0x00007ff76a840000 - 0x00007ff76a84e000 	C:\Users\ASUS\.jdks\openjdk-17.0.1\bin\java.exe
0x00007fff33970000 - 0x00007fff33b65000 	C:\WINDOWS\SYSTEM32\ntdll.dll
0x00007fff319f0000 - 0x00007fff31aae000 	C:\WINDOWS\System32\KERNEL32.DLL
0x00007fff311e0000 - 0x00007fff314a8000 	C:\WINDOWS\System32\KERNELBASE.dll
0x00007fff31880000 - 0x00007fff31980000 	C:\WINDOWS\System32\ucrtbase.dll
0x00007fff2b620000 - 0x00007fff2b638000 	C:\Users\ASUS\.jdks\openjdk-17.0.1\bin\jli.dll
0x00007fff2b660000 - 0x00007fff2b67a000 	C:\Users\ASUS\.jdks\openjdk-17.0.1\bin\VCRUNTIME140.dll
0x00007fff33010000 - 0x00007fff331b1000 	C:\WINDOWS\System32\USER32.dll
0x00007fff1a5e0000 - 0x00007fff1a87a000 	C:\WINDOWS\WinSxS\amd64_microsoft.windows.common-controls_6595b64144ccf1df_6.0.19041.1110_none_60b5254171f9507e\COMCTL32.dll
0x00007fff31770000 - 0x00007fff31792000 	C:\WINDOWS\System32\win32u.dll
0x00007fff33890000 - 0x00007fff3392e000 	C:\WINDOWS\System32\msvcrt.dll
0x00007fff319c0000 - 0x00007fff319eb000 	C:\WINDOWS\System32\GDI32.dll
0x00007fff314b0000 - 0x00007fff315bd000 	C:\WINDOWS\System32\gdi32full.dll
0x00007fff31670000 - 0x00007fff3170d000 	C:\WINDOWS\System32\msvcp_win.dll
0x00007fff32fe0000 - 0x00007fff33010000 	C:\WINDOWS\System32\IMM32.DLL
0x00007fff290a0000 - 0x00007fff290ac000 	C:\Users\ASUS\.jdks\openjdk-17.0.1\bin\vcruntime140_1.dll
0x00007fff25310000 - 0x00007fff2539d000 	C:\Users\ASUS\.jdks\openjdk-17.0.1\bin\msvcp140.dll
0x00007ffec7950000 - 0x00007ffec850e000 	C:\Users\ASUS\.jdks\openjdk-17.0.1\bin\server\jvm.dll
0x00007fff31cc0000 - 0x00007fff31d6e000 	C:\WINDOWS\System32\ADVAPI32.dll
0x00007fff32980000 - 0x00007fff32a1c000 	C:\WINDOWS\System32\sechost.dll
0x00007fff331c0000 - 0x00007fff332e5000 	C:\WINDOWS\System32\RPCRT4.dll
0x00007fff319b0000 - 0x00007fff319b8000 	C:\WINDOWS\System32\PSAPI.DLL
0x00007fff29b40000 - 0x00007fff29b49000 	C:\WINDOWS\SYSTEM32\WSOCK32.dll
0x00007fff2a970000 - 0x00007fff2a97a000 	C:\WINDOWS\SYSTEM32\VERSION.dll
0x00007fff1f260000 - 0x00007fff1f287000 	C:\WINDOWS\SYSTEM32\WINMM.dll
0x00007fff32760000 - 0x00007fff327cb000 	C:\WINDOWS\System32\WS2_32.dll
0x00007fff2f950000 - 0x00007fff2f962000 	C:\WINDOWS\SYSTEM32\kernel.appcore.dll
0x00007fff25300000 - 0x00007fff2530a000 	C:\Users\ASUS\.jdks\openjdk-17.0.1\bin\jimage.dll
0x00007fff2f550000 - 0x00007fff2f734000 	C:\WINDOWS\SYSTEM32\DBGHELP.DLL
0x00007fff1a450000 - 0x00007fff1a47c000 	C:\WINDOWS\SYSTEM32\dbgcore.DLL
0x00007fff317f0000 - 0x00007fff31872000 	C:\WINDOWS\System32\bcryptPrimitives.dll
0x00007fff0e020000 - 0x00007fff0e045000 	C:\Users\ASUS\.jdks\openjdk-17.0.1\bin\java.dll
0x00007ffefe2f0000 - 0x00007ffefe3c6000 	C:\Users\ASUS\.jdks\openjdk-17.0.1\bin\svml.dll
0x00007fff31ee0000 - 0x00007fff32624000 	C:\WINDOWS\System32\SHELL32.dll
0x00007fff2edb0000 - 0x00007fff2f545000 	C:\WINDOWS\SYSTEM32\windows.storage.dll
0x00007fff32af0000 - 0x00007fff32e45000 	C:\WINDOWS\System32\combase.dll
0x00007fff30ad0000 - 0x00007fff30afe000 	C:\WINDOWS\SYSTEM32\Wldp.dll
0x00007fff337e0000 - 0x00007fff3388d000 	C:\WINDOWS\System32\SHCORE.dll
0x00007fff32e50000 - 0x00007fff32ea5000 	C:\WINDOWS\System32\shlwapi.dll
0x00007fff30fc0000 - 0x00007fff30fdf000 	C:\WINDOWS\SYSTEM32\profapi.dll
0x00007fff252d0000 - 0x00007fff252e9000 	C:\Users\ASUS\.jdks\openjdk-17.0.1\bin\net.dll
0x00007fff28460000 - 0x00007fff2856c000 	C:\WINDOWS\SYSTEM32\WINHTTP.dll
0x00007fff30830000 - 0x00007fff3089a000 	C:\WINDOWS\system32\mswsock.dll
0x00007ffefe160000 - 0x00007ffefe175000 	C:\Users\ASUS\.jdks\openjdk-17.0.1\bin\nio.dll
0x00007ffefe140000 - 0x00007ffefe158000 	C:\Users\ASUS\.jdks\openjdk-17.0.1\bin\zip.dll
0x00007ffefe280000 - 0x00007ffefe2e4000 	C:\Users\ASUS\AppData\Local\Temp\lwjglASUS\3.2.3-build-13\lwjgl.dll
0x00007ffefe210000 - 0x00007ffefe272000 	C:\Users\ASUS\AppData\Local\Temp\lwjglASUS\3.2.3-build-13\glfw.dll
0x00007fff2e630000 - 0x00007fff2e6ce000 	C:\WINDOWS\system32\uxtheme.dll
0x00007ffefc220000 - 0x00007ffefc265000 	C:\WINDOWS\SYSTEM32\dinput8.dll
0x00007fff0e050000 - 0x00007fff0e061000 	C:\WINDOWS\SYSTEM32\xinput1_4.dll
0x00007fff317a0000 - 0x00007fff317ee000 	C:\WINDOWS\System32\cfgmgr32.dll
0x00007fff30e20000 - 0x00007fff30e54000 	C:\WINDOWS\SYSTEM32\DEVOBJ.dll
0x00007fff2ea00000 - 0x00007fff2ea2f000 	C:\WINDOWS\SYSTEM32\dwmapi.dll
0x00007fff23250000 - 0x00007fff233a2000 	C:\WINDOWS\SYSTEM32\inputhost.dll
0x00007fff32a20000 - 0x00007fff32aed000 	C:\WINDOWS\System32\OLEAUT32.dll
0x00007fff2e270000 - 0x00007fff2e362000 	C:\WINDOWS\SYSTEM32\CoreMessaging.dll
0x00007fff2c3b0000 - 0x00007fff2c4a6000 	C:\WINDOWS\SYSTEM32\PROPSYS.dll
0x00007fff2d7f0000 - 0x00007fff2d944000 	C:\WINDOWS\SYSTEM32\wintypes.dll
0x00007fff2dec0000 - 0x00007fff2e21e000 	C:\WINDOWS\SYSTEM32\CoreUIComponents.dll
0x00007fff2fd70000 - 0x00007fff2fda3000 	C:\WINDOWS\SYSTEM32\ntmarta.dll
0x00007fff32630000 - 0x00007fff32745000 	C:\WINDOWS\System32\MSCTF.dll
0x00007fff2f740000 - 0x00007fff2f74d000 	C:\WINDOWS\SYSTEM32\HID.DLL
0x00007fff33300000 - 0x00007fff33772000 	C:\WINDOWS\System32\SETUPAPI.DLL
0x00007fff31980000 - 0x00007fff319a7000 	C:\WINDOWS\System32\bcrypt.dll
0x00007fff31710000 - 0x00007fff31770000 	C:\WINDOWS\System32\WINTRUST.dll
0x00007fff31080000 - 0x00007fff311d6000 	C:\WINDOWS\System32\CRYPT32.dll
0x00007fff30c60000 - 0x00007fff30c72000 	C:\WINDOWS\SYSTEM32\MSASN1.dll
0x00007fff06de0000 - 0x00007fff06f05000 	C:\WINDOWS\SYSTEM32\opengl32.dll
0x00007fff100e0000 - 0x00007fff1010c000 	C:\WINDOWS\SYSTEM32\GLU32.dll
0x00007fff31e30000 - 0x00007fff31ed9000 	C:\WINDOWS\System32\clbcatq.dll
0x00007ffec0610000 - 0x00007ffec1559000 	C:\WINDOWS\System32\DriverStore\FileRepository\iigd_dch.inf_amd64_9c1ab568b4fa57de\ig9icd64.dll
0x00007fff31ab0000 - 0x00007fff31bda000 	C:\WINDOWS\System32\OLE32.DLL
0x00007fff2f970000 - 0x00007fff2fa64000 	C:\WINDOWS\system32\dxgi.dll
0x00007fff25ba0000 - 0x00007fff25bdb000 	C:\WINDOWS\SYSTEM32\dxcore.dll
0x00007fff20b50000 - 0x00007fff22ecd000 	C:\WINDOWS\System32\DriverStore\FileRepository\iigd_dch.inf_amd64_9c1ab568b4fa57de\igc64.dll
0x00007fff30640000 - 0x00007fff3068b000 	C:\WINDOWS\SYSTEM32\powrprof.dll
0x00007fff304b0000 - 0x00007fff304c2000 	C:\WINDOWS\SYSTEM32\UMPDC.dll
0x00007fff23820000 - 0x00007fff23974000 	C:\WINDOWS\System32\DriverStore\FileRepository\iigd_dch.inf_amd64_9c1ab568b4fa57de\igdgmm64.dll
0x00007fff29a20000 - 0x00007fff29b19000 	C:\WINDOWS\SYSTEM32\textinputframework.dll
0x00007ffefc1c0000 - 0x00007ffefc219000 	C:\Users\ASUS\AppData\Local\Temp\lwjglASUS\3.2.3-build-13\lwjgl_opengl.dll
0x00007fff1c360000 - 0x00007fff1c370000 	C:\Users\ASUS\.jdks\openjdk-17.0.1\bin\verify.dll

dbghelp: loaded successfully - version: 4.0.5 - missing functions: none
symbol engine: initialized successfully - sym options: 0x614 - pdb path: .;C:\Users\ASUS\.jdks\openjdk-17.0.1\bin;C:\WINDOWS\SYSTEM32;C:\WINDOWS\WinSxS\amd64_microsoft.windows.common-controls_6595b64144ccf1df_6.0.19041.1110_none_60b5254171f9507e;C:\Users\ASUS\.jdks\openjdk-17.0.1\bin\server;C:\Users\ASUS\AppData\Local\Temp\lwjglASUS\3.2.3-build-13;C:\WINDOWS\System32\DriverStore\FileRepository\iigd_dch.inf_amd64_9c1ab568b4fa57de

VM Arguments:
jvm_args: -Dfile.encoding=windows-1252 -Duser.country=US -Duser.language=en -Duser.variant -ea 
java_command: Main
java_class_path (initial): C:\Users\ASUS\IdeaProjects\mario\build\classes\java\main;C:\Users\ASUS\IdeaProjects\mario\build\resources\main;C:\Users\ASUS\.gradle\caches\modules-2\files-2.1\org.lwjgl\lwjgl-assimp\3.2.3\f62aa07a20afbdd3097efc296c4841e0d29700eb\lwjgl-assimp-3.2.3.jar;C:\Users\ASUS\.gradle\caches\modules-2\files-2.1\org.lwjgl\lwjgl-assimp\3.2.3\4e60aeb75f0343c4a9ede4ef8b6b32ca702a00a3\lwjgl-assimp-3.2.3-natives-windows.jar;C:\Users\ASUS\.gradle\caches\modules-2\files-2.1\org.lwjgl\lwjgl-glfw\3.2.3\5e520d5c290c8b012545a8d34fa5db5ab051ea53\lwjgl-glfw-3.2.3.jar;C:\Users\ASUS\.gradle\caches\modules-2\files-2.1\org.lwjgl\lwjgl-glfw\3.2.3\b4d8a3477cdc2edcf7a5f1e822926be846223f54\lwjgl-glfw-3.2.3-natives-windows.jar;C:\Users\ASUS\.gradle\caches\modules-2\files-2.1\org.lwjgl\lwjgl-nfd\3.2.3\c44fee1043c022cf6614a28872d44cf114ca7737\lwjgl-nfd-3.2.3.jar;C:\Users\ASUS\.gradle\caches\modules-2\files-2.1\org.lwjgl\lwjgl-nfd\3.2.3\32782f5f5c57769efb82af864e70b819c77bc891\lwjgl-nfd-3.2.3-natives-windows.jar;C:\Users\ASUS\.gradle\caches\modules-2\files-2.1\org.lwjgl\lwjgl-openal\3.2.3\106742e805803ab9eab8e343f0fb31a3d263903c\lwjgl-openal-3.2.3.jar;C:\Users\ASUS\.gradle\caches\modules-2\files-2.1\org.lwjgl\lwjgl-openal\3.2.3\ec898e8ce11b5886f4f532a1536283ef2817758d\lwjgl-openal-3.2.3-natives-windows.jar;C:\Users\ASUS\.gradle\caches\modules-2\files-2.1\org.lwjgl\lwjgl-opengl\3.2.3\bdd534a323d0c8f54969b95e424b6ac8984f7d6e\lwjgl-opengl-3.2.3.jar;C:\Users\ASUS\.gradle\caches\modules-2\files-2.1\org.lwjgl\lwjgl-opengl\3.2.3\e81cfc73ec8708e5e791ed770e4ec3edfc1bbab1\lwjgl-opengl-3.2.3-natives-windows.jar;C:\Users\ASUS\.gradle\caches\modules-2\files-2.1\org.lwjgl\lwjgl-stb\3.2.3\40eccaa4fa86fc815f2e17946a392fb5fdcc286a\lwjgl-stb-3.2.3.jar;C:\Users\ASUS\.gradle\caches\modules-2\files-2.1\org.lwjgl\lwjgl-stb\3.2.3\817b21ec286f0ba3dcedb56a3bd275e6a9345be9\lwjgl-stb-3.2.3-natives-windows.jar;C:\Users\ASUS\.gradle\caches\modules-2\files-2.1\org.lwjgl\lwjgl\3.2.3\17a59ba0fe8d474ec9dbe
Launcher Type: SUN_STANDARD

[Global flags]
     intx CICompilerCount                          = 3                                         {product} {ergonomic}
     uint ConcGCThreads                            = 1                                         {product} {ergonomic}
     uint G1ConcRefinementThreads                  = 4                                         {product} {ergonomic}
   size_t G1HeapRegionSize                         = 1048576                                   {product} {ergonomic}
    uintx GCDrainStackTargetSize                   = 64                                        {product} {ergonomic}
   size_t InitialHeapSize                          = 67108864                                  {product} {ergonomic}
   size_t MarkStackSize                            = 4194304                                   {product} {ergonomic}
   size_t MaxHeapSize                              = 1044381696                                {product} {ergonomic}
   size_t MaxNewSize                               = 625999872                                 {product} {ergonomic}
   size_t MinHeapDeltaBytes                        = 1048576                                   {product} {ergonomic}
   size_t MinHeapSize                              = 8388608                                   {product} {ergonomic}
    uintx NonNMethodCodeHeapSize                   = 5832780                                {pd product} {ergonomic}
    uintx NonProfiledCodeHeapSize                  = 122912730                              {pd product} {ergonomic}
    uintx ProfiledCodeHeapSize                     = 122912730                              {pd product} {ergonomic}
    uintx ReservedCodeCacheSize                    = 251658240                              {pd product} {ergonomic}
     bool SegmentedCodeCache                       = true                                      {product} {ergonomic}
   size_t SoftMaxHeapSize                          = 1044381696                             {manageable} {ergonomic}
     bool UseCompressedClassPointers               = true                           {product lp64_product} {ergonomic}
     bool UseCompressedOops                        = true                           {product lp64_product} {ergonomic}
     bool UseG1GC                                  = true                                      {product} {ergonomic}
     bool UseLargePagesIndividualAllocation        = false                                  {pd product} {ergonomic}

Logging:
Log output configuration:
 #0: stdout all=warning uptime,level,tags
 #1: stderr all=off uptime,level,tags

Environment Variables:
PATH=C:\Python39\Scripts\;C:\Python39\;C:\WINDOWS\system32;C:\WINDOWS;C:\WINDOWS\System32\Wbem;C:\WINDOWS\System32\WindowsPowerShell\v1.0\;C:\WINDOWS\System32\OpenSSH\;C:\Program Files\Git\cmd;C:\Program Files\nodejs\;C:\ProgramData\chocolatey\bin;C:\mongodb\bin;C:\Program Files\dotnet\;C:\Program Files\Microsoft SQL Server\130\Tools\Binn\;C:\Program Files\Microsoft SQL Server\Client SDK\ODBC\170\Tools\Binn\;C:\Program Files (x86)\Microsoft SQL Server\150\Tools\Binn\;C:\Program Files\Microsoft SQL Server\150\Tools\Binn\;C:\Program Files\Microsoft SQL Server\150\DTS\Binn\;C:\Program Files (x86)\Microsoft SQL Server\150\DTS\Binn\;C:\Program Files\Azure Data Studio\bin;C:\ProgramData\ComposerSetup\bin;C:\Users\ASUS\AppData\Local\Microsoft\WindowsApps;C:\Users\ASUS\AppData\Local\Programs\Microsoft VS Code\bin;C:\Users\ASUS\AppData\Roaming\npm;C:\Program Files\heroku\bin;C:\Users\ASUS\.dotnet\tools;C:\Program Files\Azure Data Studio\bin;C:\Program Files\JetBrains\PhpStorm 2021.1.3\bin;;C:\xampp\php;C:\Users\ASUS\AppData\Roaming\Composer\vendor\bin;C:\xampp\pgsql\13\bin;C:\xampp\pgsql\13\lib;;C:\Program Files\JetBrains\IntelliJ IDEA Community Edition 2021.3.1\bin;
USERNAME=ASUS
OS=Windows_NT
PROCESSOR_IDENTIFIER=Intel64 Family 6 Model 142 Stepping 10, GenuineIntel



---------------  S Y S T E M  ---------------

OS:
 Windows 10 , 64 bit Build 19041 (10.0.19041.1466)
OS uptime: 2 days 18:53 hours

CPU: total 4 (initial active 4) (2 cores per cpu, 2 threads per core) family 6 model 142 stepping 10 microcode 0xb4, cx8, cmov, fxsr, ht, mmx, 3dnowpref, sse, sse2, sse3, ssse3, sse4.1, sse4.2, popcnt, lzcnt, tsc, tscinvbit, avx, avx2, aes, erms, clmul, bmi1, bmi2, adx, fma, vzeroupper, clflush, clflushopt

Memory: 4k page, system-wide physical 3977M (338M free)
TotalPageFile size 10657M (AvailPageFile size 3153M)
current process WorkingSet (physical memory assigned to process): 100M, peak: 100M
current process commit charge ("private bytes"): 157M, peak: 159M

vm_info: OpenJDK 64-Bit Server VM (17.0.1+12-39) for windows-amd64 JRE (17.0.1+12-39), built on Sep 27 2021 18:39:29 by "mach5one" with MS VC++ 16.8 (VS2019)

END.
